<?xml version="1.0" encoding="UTF-8"?>
<!-- Generated by org.testng.reporters.JUnitReportReporter -->
<testsuite hostname="DESKTOP-25LN50V" failures="0" tests="1" name="frontEndTest.FrontEnd" time="4.239" errors="0" timestamp="2024-09-24T20:30:08 IST" skipped="0">
  <testcase classname="frontEndTest.FrontEnd" name="frontEnd_Test" time="4.239"/>
</testsuite> <!-- frontEndTest.FrontEnd -->
